<?xml version="1.0" encoding="UTF-8"?>
<testng-results skipped="0" failed="0" total="4" passed="4">
  <reporter-output>
  </reporter-output>
  <suite name="com.qa.test.DemoTest" duration-ms="93" started-at="2018-10-20T23:10:35Z" finished-at="2018-10-20T23:10:35Z">
    <groups>
    </groups>
    <test name="Command line test" duration-ms="93" started-at="2018-10-20T23:10:35Z" finished-at="2018-10-20T23:10:35Z">
      <class name="com.qa.test.DemoTest">
        <test-method status="PASS" signature="div()" name="div" duration-ms="39" started-at="2018-10-20T23:10:35Z" finished-at="2018-10-20T23:10:35Z">
        </test-method>
        <test-method status="PASS" signature="mul()" name="mul" duration-ms="2" started-at="2018-10-20T23:10:35Z" finished-at="2018-10-20T23:10:35Z">
        </test-method>
        <test-method status="PASS" signature="sub()" name="sub" duration-ms="4" started-at="2018-10-20T23:10:35Z" finished-at="2018-10-20T23:10:35Z">
        </test-method>
        <test-method status="PASS" signature="sum()" name="sum" duration-ms="2" started-at="2018-10-20T23:10:35Z" finished-at="2018-10-20T23:10:35Z">
        </test-method>
      </class>
    </test>
  </suite>
</testng-results>
